{"numFailedTestSuites":2,"numFailedTests":8,"numPassedTestSuites":0,"numPassedTests":24,"numPendingTestSuites":0,"numPendingTests":0,"numRuntimeErrorTestSuites":0,"numTodoTests":0,"numTotalTestSuites":2,"numTotalTests":32,"openHandles":[],"snapshot":{"added":0,"didUpdate":false,"failure":false,"filesAdded":0,"filesRemoved":0,"filesRemovedList":[],"filesUnmatched":0,"filesUpdated":0,"matched":0,"total":0,"unchecked":0,"uncheckedKeysByFile":[],"unmatched":0,"updated":0},"startTime":1772447644687,"success":false,"testResults":[{"assertionResults":[{"ancestorTitles":["listItem component"],"duration":63,"failing":false,"failureDetails":[],"failureMessages":[],"fullName":"listItem component Renders a basic task item","invocations":1,"location":null,"numPassingAsserts":5,"retryReasons":[],"startAt":1772447647707,"status":"passed","title":"Renders a basic task item"},{"ancestorTitles":["listItem component"],"duration":17,"failing":false,"failureDetails":[],"failureMessages":[],"fullName":"listItem component Renders default values if fields missing","invocations":1,"location":null,"numPassingAsserts":3,"retryReasons":[],"startAt":1772447647771,"status":"passed","title":"Renders default values if fields missing"},{"ancestorTitles":["listItem component"],"duration":18,"failing":false,"failureDetails":[],"failureMessages":[],"fullName":"listItem component Opens edit dialog when clicking avatar","invocations":1,"location":null,"numPassingAsserts":1,"retryReasons":[],"startAt":1772447647788,"status":"passed","title":"Opens edit dialog when clicking avatar"},{"ancestorTitles":["listItem component"],"duration":15,"failing":false,"failureDetails":[],"failureMessages":[],"fullName":"listItem component Keyboard Enter/Space opens edit dialog on avatar","invocations":1,"location":null,"numPassingAsserts":2,"retryReasons":[],"startAt":1772447647807,"status":"passed","title":"Keyboard Enter/Space opens edit dialog on avatar"},{"ancestorTitles":["listItem component"],"duration":19,"failing":false,"failureDetails":[],"failureMessages":[],"fullName":"listItem component Moves task up and down within status","invocations":1,"location":null,"numPassingAsserts":1,"retryReasons":[],"startAt":1772447647822,"status":"passed","title":"Moves task up and down within status"},{"ancestorTitles":["listItem component"],"duration":17,"failing":false,"failureDetails":[],"failureMessages":[],"fullName":"listItem component Moves task status left and right","invocations":1,"location":null,"numPassingAsserts":2,"retryReasons":[],"startAt":1772447647841,"status":"passed","title":"Moves task status left and right"},{"ancestorTitles":["listItem component"],"duration":11,"failing":false,"failureDetails":[],"failureMessages":[],"fullName":"listItem component Deletes task (for closed)","invocations":1,"location":null,"numPassingAsserts":1,"retryReasons":[],"startAt":1772447647858,"status":"passed","title":"Deletes task (for closed)"},{"ancestorTitles":["listItem component"],"duration":9,"failing":false,"failureDetails":[],"failureMessages":[],"fullName":"listItem component Delete button calls onDeleteTask (open)","invocations":1,"location":null,"numPassingAsserts":1,"retryReasons":[],"startAt":1772447647869,"status":"passed","title":"Delete button calls onDeleteTask (open)"},{"ancestorTitles":["listItem component"],"duration":10,"failing":false,"failureDetails":[],"failureMessages":[],"fullName":"listItem component formatDate handles special values correctly,","invocations":1,"location":null,"numPassingAsserts":1,"retryReasons":[],"startAt":1772447647878,"status":"passed","title":"formatDate handles special values correctly,"},{"ancestorTitles":["listItem component"],"duration":10,"failing":false,"failureDetails":[],"failureMessages":[],"fullName":"listItem component formatDate returns original if date is invalid,","invocations":1,"location":null,"numPassingAsserts":1,"retryReasons":[],"startAt":1772447647889,"status":"passed","title":"formatDate returns original if date is invalid,"},{"ancestorTitles":["listItem component"],"duration":18,"failing":false,"failureDetails":[],"failureMessages":[],"fullName":"listItem component does not render contact link if missing","invocations":1,"location":null,"numPassingAsserts":1,"retryReasons":[],"startAt":1772447647899,"status":"passed","title":"does not render contact link if missing"},{"ancestorTitles":["listItem component"],"duration":10,"failing":false,"failureDetails":[],"failureMessages":[],"fullName":"listItem component Renders explicit contact link and interacts","invocations":1,"location":null,"numPassingAsserts":2,"retryReasons":[],"startAt":1772447647918,"status":"passed","title":"Renders explicit contact link and interacts"},{"ancestorTitles":["listItem component"],"duration":44,"failing":false,"failureDetails":[],"failureMessages":[],"fullName":"listItem component Formats deadline correctly and highlights overdue","invocations":1,"location":null,"numPassingAsserts":1,"retryReasons":[],"startAt":1772447647928,"status":"passed","title":"Formats deadline correctly and highlights overdue"},{"ancestorTitles":["listItem component"],"duration":11,"failing":false,"failureDetails":[],"failureMessages":[],"fullName":"listItem component Renders task with time intervals (Start and End time)","invocations":1,"location":null,"numPassingAsserts":2,"retryReasons":[],"startAt":1772447647972,"status":"passed","title":"Renders task with time intervals (Start and End time)"},{"ancestorTitles":["listItem component"],"duration":9,"failing":false,"failureDetails":[{"matcherResult":{"actual":0,"expected":2,"message":"\u001b[2mexpect(\u001b[22m\u001b[31mreceived\u001b[39m\u001b[2m).\u001b[22mtoBe\u001b[2m(\u001b[22m\u001b[32mexpected\u001b[39m\u001b[2m) // Object.is equality\u001b[22m\n\nExpected: \u001b[32m2\u001b[39m\nReceived: \u001b[31m0\u001b[39m","name":"toBe","pass":false}}],"failureMessages":["Error: \u001b[2mexpect(\u001b[22m\u001b[31mreceived\u001b[39m\u001b[2m).\u001b[22mtoBe\u001b[2m(\u001b[22m\u001b[32mexpected\u001b[39m\u001b[2m) // Object.is equality\u001b[22m\n\nExpected: \u001b[32m2\u001b[39m\nReceived: \u001b[31m0\u001b[39m\n    at Object.<anonymous> (C:\\Users\\D\\Documents\\Projekt inlämning\\K3 Project i team APP\\js\\listItem.test.js:251:32)\n    at Promise.finally.completed (C:\\Users\\D\\Documents\\Projekt inlämning\\K3 Project i team APP\\node_modules\\jest-circus\\build\\jestAdapterInit.js:1557:28)\n    at new Promise (<anonymous>)\n    at callAsyncCircusFn (C:\\Users\\D\\Documents\\Projekt inlämning\\K3 Project i team APP\\node_modules\\jest-circus\\build\\jestAdapterInit.js:1497:10)\n    at _callCircusTest (C:\\Users\\D\\Documents\\Projekt inlämning\\K3 Project i team APP\\node_modules\\jest-circus\\build\\jestAdapterInit.js:1007:40)\n    at processTicksAndRejections (node:internal/process/task_queues:103:5)\n    at _runTest (C:\\Users\\D\\Documents\\Projekt inlämning\\K3 Project i team APP\\node_modules\\jest-circus\\build\\jestAdapterInit.js:947:3)\n    at C:\\Users\\D\\Documents\\Projekt inlämning\\K3 Project i team APP\\node_modules\\jest-circus\\build\\jestAdapterInit.js:849:7\n    at _runTestsForDescribeBlock (C:\\Users\\D\\Documents\\Projekt inlämning\\K3 Project i team APP\\node_modules\\jest-circus\\build\\jestAdapterInit.js:862:11)\n    at _runTestsForDescribeBlock (C:\\Users\\D\\Documents\\Projekt inlämning\\K3 Project i team APP\\node_modules\\jest-circus\\build\\jestAdapterInit.js:857:11)\n    at run (C:\\Users\\D\\Documents\\Projekt inlämning\\K3 Project i team APP\\node_modules\\jest-circus\\build\\jestAdapterInit.js:761:3)\n    at runAndTransformResultsToJestFormat (C:\\Users\\D\\Documents\\Projekt inlämning\\K3 Project i team APP\\node_modules\\jest-circus\\build\\jestAdapterInit.js:1918:21)\n    at jestAdapter (C:\\Users\\D\\Documents\\Projekt inlämning\\K3 Project i team APP\\node_modules\\jest-circus\\build\\runner.js:101:19)\n    at runTestInternal (C:\\Users\\D\\Documents\\Projekt inlämning\\K3 Project i team APP\\node_modules\\jest-runner\\build\\testWorker.js:275:16)\n    at runTest (C:\\Users\\D\\Documents\\Projekt inlämning\\K3 Project i team APP\\node_modules\\jest-runner\\build\\testWorker.js:343:7)\n    at Object.worker (C:\\Users\\D\\Documents\\Projekt inlämning\\K3 Project i team APP\\node_modules\\jest-runner\\build\\testWorker.js:497:12)"],"fullName":"listItem component Renders members as badges (initials) instead of full names","invocations":1,"location":null,"numPassingAsserts":0,"retryReasons":[],"startAt":1772447647983,"status":"failed","title":"Renders members as badges (initials) instead of full names"}],"endTime":1772447648020,"message":"\u001b[1m\u001b[31m  \u001b[1m● \u001b[22m\u001b[1mlistItem component › Renders members as badges (initials) instead of full names\u001b[39m\u001b[22m\n\n    \u001b[2mexpect(\u001b[22m\u001b[31mreceived\u001b[39m\u001b[2m).\u001b[22mtoBe\u001b[2m(\u001b[22m\u001b[32mexpected\u001b[39m\u001b[2m) // Object.is equality\u001b[22m\n\n    Expected: \u001b[32m2\u001b[39m\n    Received: \u001b[31m0\u001b[39m\n\u001b[2m\u001b[22m\n\u001b[2m    \u001b[0m \u001b[90m 249 |\u001b[39m\u001b[22m\n\u001b[2m     \u001b[90m 250 |\u001b[39m         \u001b[36mconst\u001b[39m avatars \u001b[33m=\u001b[39m el\u001b[33m.\u001b[39mquerySelectorAll(\u001b[32m\".assignee-avatar-circle\"\u001b[39m)\u001b[33m;\u001b[39m\u001b[22m\n\u001b[2m    \u001b[31m\u001b[1m>\u001b[22m\u001b[2m\u001b[39m\u001b[90m 251 |\u001b[39m         expect(avatars\u001b[33m.\u001b[39mlength)\u001b[33m.\u001b[39mtoBe(\u001b[35m2\u001b[39m)\u001b[33m;\u001b[39m\u001b[22m\n\u001b[2m     \u001b[90m     |\u001b[39m                                \u001b[31m\u001b[1m^\u001b[22m\u001b[2m\u001b[39m\u001b[22m\n\u001b[2m     \u001b[90m 252 |\u001b[39m         \u001b[90m// Anna Svensson -> 'AS'\u001b[39m\u001b[22m\n\u001b[2m     \u001b[90m 253 |\u001b[39m         expect(avatars[\u001b[35m0\u001b[39m]\u001b[33m.\u001b[39mtextContent)\u001b[33m.\u001b[39mtoBe(\u001b[32m\"AS\"\u001b[39m)\u001b[33m;\u001b[39m \u001b[22m\n\u001b[2m     \u001b[90m 254 |\u001b[39m         \u001b[90m// Lars Ove -> 'LO'\u001b[39m\u001b[0m\u001b[22m\n\u001b[2m\u001b[22m\n\u001b[2m      \u001b[2mat Object.<anonymous> (\u001b[22m\u001b[2m\u001b[0m\u001b[36mjs/listItem.test.js\u001b[39m\u001b[0m\u001b[2m:251:32)\u001b[22m\u001b[2m\u001b[22m\n","name":"C:\\Users\\D\\Documents\\Projekt inlämning\\K3 Project i team APP\\js\\listItem.test.js","startTime":1772447646571,"status":"failed","summary":""},{"assertionResults":[{"ancestorTitles":["settingsView"],"duration":84,"failing":false,"failureDetails":[],"failureMessages":[],"fullName":"settingsView Renders settings with current state","invocations":1,"location":null,"numPassingAsserts":5,"retryReasons":[],"startAt":1772447647707,"status":"passed","title":"Renders settings with current state"},{"ancestorTitles":["settingsView"],"duration":5020,"failing":false,"failureDetails":[{"message":"thrown: \"Exceeded timeout of 5000 ms for a test.\nAdd a timeout value to this test to increase the timeout, if this is a long-running test. See https://jestjs.io/docs/api#testname-fn-timeout.\""}],"failureMessages":["Error: thrown: \"Exceeded timeout of 5000 ms for a test.\nAdd a timeout value to this test to increase the timeout, if this is a long-running test. See https://jestjs.io/docs/api#testname-fn-timeout.\"\n    at C:\\Users\\D\\Documents\\Projekt inlämning\\K3 Project i team APP\\js\\settingsView.test.js:111:5\n    at _dispatchDescribe (C:\\Users\\D\\Documents\\Projekt inlämning\\K3 Project i team APP\\node_modules\\jest-circus\\build\\jestAdapterInit.js:604:26)\n    at describe (C:\\Users\\D\\Documents\\Projekt inlämning\\K3 Project i team APP\\node_modules\\jest-circus\\build\\jestAdapterInit.js:572:44)\n    at C:\\Users\\D\\Documents\\Projekt inlämning\\K3 Project i team APP\\js\\settingsView.test.js:13:1\n    at SourceTextModule.evaluate (node:internal/vm/module:233:26)\n    at Runtime.linkAndEvaluateModule (C:\\Users\\D\\Documents\\Projekt inlämning\\K3 Project i team APP\\node_modules\\jest-runtime\\build\\index.js:686:20)\n    at processTicksAndRejections (node:internal/process/task_queues:103:5)\n    at jestAdapter (C:\\Users\\D\\Documents\\Projekt inlämning\\K3 Project i team APP\\node_modules\\jest-circus\\build\\runner.js:93:5)\n    at runTestInternal (C:\\Users\\D\\Documents\\Projekt inlämning\\K3 Project i team APP\\node_modules\\jest-runner\\build\\testWorker.js:275:16)\n    at runTest (C:\\Users\\D\\Documents\\Projekt inlämning\\K3 Project i team APP\\node_modules\\jest-runner\\build\\testWorker.js:343:7)\n    at Object.worker (C:\\Users\\D\\Documents\\Projekt inlämning\\K3 Project i team APP\\node_modules\\jest-runner\\build\\testWorker.js:497:12)"],"fullName":"settingsView Cancels import if user declines confirm","invocations":1,"location":null,"numPassingAsserts":0,"retryReasons":[],"startAt":1772447647792,"status":"failed","title":"Cancels import if user declines confirm"},{"ancestorTitles":["settingsView"],"duration":5010,"failing":false,"failureDetails":[{"message":"thrown: \"Exceeded timeout of 5000 ms for a test.\nAdd a timeout value to this test to increase the timeout, if this is a long-running test. See https://jestjs.io/docs/api#testname-fn-timeout.\""}],"failureMessages":["Error: thrown: \"Exceeded timeout of 5000 ms for a test.\nAdd a timeout value to this test to increase the timeout, if this is a long-running test. See https://jestjs.io/docs/api#testname-fn-timeout.\"\n    at C:\\Users\\D\\Documents\\Projekt inlämning\\K3 Project i team APP\\js\\settingsView.test.js:124:5\n    at _dispatchDescribe (C:\\Users\\D\\Documents\\Projekt inlämning\\K3 Project i team APP\\node_modules\\jest-circus\\build\\jestAdapterInit.js:604:26)\n    at describe (C:\\Users\\D\\Documents\\Projekt inlämning\\K3 Project i team APP\\node_modules\\jest-circus\\build\\jestAdapterInit.js:572:44)\n    at C:\\Users\\D\\Documents\\Projekt inlämning\\K3 Project i team APP\\js\\settingsView.test.js:13:1\n    at SourceTextModule.evaluate (node:internal/vm/module:233:26)\n    at Runtime.linkAndEvaluateModule (C:\\Users\\D\\Documents\\Projekt inlämning\\K3 Project i team APP\\node_modules\\jest-runtime\\build\\index.js:686:20)\n    at processTicksAndRejections (node:internal/process/task_queues:103:5)\n    at jestAdapter (C:\\Users\\D\\Documents\\Projekt inlämning\\K3 Project i team APP\\node_modules\\jest-circus\\build\\runner.js:93:5)\n    at runTestInternal (C:\\Users\\D\\Documents\\Projekt inlämning\\K3 Project i team APP\\node_modules\\jest-runner\\build\\testWorker.js:275:16)\n    at runTest (C:\\Users\\D\\Documents\\Projekt inlämning\\K3 Project i team APP\\node_modules\\jest-runner\\build\\testWorker.js:343:7)\n    at Object.worker (C:\\Users\\D\\Documents\\Projekt inlämning\\K3 Project i team APP\\node_modules\\jest-runner\\build\\testWorker.js:497:12)"],"fullName":"settingsView Show toast if permission granted","invocations":1,"location":null,"numPassingAsserts":0,"retryReasons":[],"startAt":1772447652816,"status":"failed","title":"Show toast if permission granted"},{"ancestorTitles":["settingsView"],"duration":16,"failing":false,"failureDetails":[],"failureMessages":[],"fullName":"settingsView Allows adding a new member","invocations":1,"location":null,"numPassingAsserts":1,"retryReasons":[],"startAt":1772447657827,"status":"passed","title":"Allows adding a new member"},{"ancestorTitles":["settingsView"],"duration":17,"failing":false,"failureDetails":[],"failureMessages":[],"fullName":"settingsView Allows adding and then deleting a specific team member","invocations":1,"location":null,"numPassingAsserts":3,"retryReasons":[],"startAt":1772447657843,"status":"passed","title":"Allows adding and then deleting a specific team member"},{"ancestorTitles":["settingsView"],"duration":12,"failing":false,"failureDetails":[],"failureMessages":[],"fullName":"settingsView Allows deleting a member","invocations":1,"location":null,"numPassingAsserts":3,"retryReasons":[],"startAt":1772447657860,"status":"passed","title":"Allows deleting a member"},{"ancestorTitles":["settingsView"],"duration":14,"failing":false,"failureDetails":[],"failureMessages":[],"fullName":"settingsView Saves settings correctly","invocations":1,"location":null,"numPassingAsserts":6,"retryReasons":[],"startAt":1772447657872,"status":"passed","title":"Saves settings correctly"},{"ancestorTitles":["settingsView"],"duration":11,"failing":false,"failureDetails":[],"failureMessages":[],"fullName":"settingsView Cancels settings changes","invocations":1,"location":null,"numPassingAsserts":2,"retryReasons":[],"startAt":1772447657886,"status":"passed","title":"Cancels settings changes"},{"ancestorTitles":["settingsView"],"duration":14,"failing":false,"failureDetails":[],"failureMessages":[],"fullName":"settingsView Loads Butiken (ica) Demo","invocations":1,"location":null,"numPassingAsserts":2,"retryReasons":[],"startAt":1772447657897,"status":"passed","title":"Loads Butiken (ica) Demo"},{"ancestorTitles":["settingsView"],"duration":11,"failing":false,"failureDetails":[],"failureMessages":[],"fullName":"settingsView Loads Fastighetsmäklare (realestate) Demo","invocations":1,"location":null,"numPassingAsserts":2,"retryReasons":[],"startAt":1772447657911,"status":"passed","title":"Loads Fastighetsmäklare (realestate) Demo"},{"ancestorTitles":["settingsView"],"duration":11,"failing":false,"failureDetails":[],"failureMessages":[],"fullName":"settingsView Loads Workspace Demo","invocations":1,"location":null,"numPassingAsserts":2,"retryReasons":[],"startAt":1772447657922,"status":"passed","title":"Loads Workspace Demo"},{"ancestorTitles":["settingsView"],"duration":12,"failing":false,"failureDetails":[],"failureMessages":[],"fullName":"settingsView Loads LIA Demo","invocations":1,"location":null,"numPassingAsserts":2,"retryReasons":[],"startAt":1772447657933,"status":"passed","title":"Loads LIA Demo"},{"ancestorTitles":["settingsView"],"duration":5012,"failing":false,"failureDetails":[{"message":"thrown: \"Exceeded timeout of 5000 ms for a test.\nAdd a timeout value to this test to increase the timeout, if this is a long-running test. See https://jestjs.io/docs/api#testname-fn-timeout.\""}],"failureMessages":["Error: thrown: \"Exceeded timeout of 5000 ms for a test.\nAdd a timeout value to this test to increase the timeout, if this is a long-running test. See https://jestjs.io/docs/api#testname-fn-timeout.\"\n    at C:\\Users\\D\\Documents\\Projekt inlämning\\K3 Project i team APP\\js\\settingsView.test.js:269:5\n    at _dispatchDescribe (C:\\Users\\D\\Documents\\Projekt inlämning\\K3 Project i team APP\\node_modules\\jest-circus\\build\\jestAdapterInit.js:604:26)\n    at describe (C:\\Users\\D\\Documents\\Projekt inlämning\\K3 Project i team APP\\node_modules\\jest-circus\\build\\jestAdapterInit.js:572:44)\n    at C:\\Users\\D\\Documents\\Projekt inlämning\\K3 Project i team APP\\js\\settingsView.test.js:13:1\n    at SourceTextModule.evaluate (node:internal/vm/module:233:26)\n    at Runtime.linkAndEvaluateModule (C:\\Users\\D\\Documents\\Projekt inlämning\\K3 Project i team APP\\node_modules\\jest-runtime\\build\\index.js:686:20)\n    at processTicksAndRejections (node:internal/process/task_queues:103:5)\n    at jestAdapter (C:\\Users\\D\\Documents\\Projekt inlämning\\K3 Project i team APP\\node_modules\\jest-circus\\build\\runner.js:93:5)\n    at runTestInternal (C:\\Users\\D\\Documents\\Projekt inlämning\\K3 Project i team APP\\node_modules\\jest-runner\\build\\testWorker.js:275:16)\n    at runTest (C:\\Users\\D\\Documents\\Projekt inlämning\\K3 Project i team APP\\node_modules\\jest-runner\\build\\testWorker.js:343:7)\n    at Object.worker (C:\\Users\\D\\Documents\\Projekt inlämning\\K3 Project i team APP\\node_modules\\jest-runner\\build\\testWorker.js:497:12)"],"fullName":"settingsView Exports backup properly","invocations":1,"location":null,"numPassingAsserts":0,"retryReasons":[],"startAt":1772447657945,"status":"failed","title":"Exports backup properly"},{"ancestorTitles":["settingsView"],"duration":5012,"failing":false,"failureDetails":[{"message":"thrown: \"Exceeded timeout of 5000 ms for a test.\nAdd a timeout value to this test to increase the timeout, if this is a long-running test. See https://jestjs.io/docs/api#testname-fn-timeout.\""}],"failureMessages":["Error: thrown: \"Exceeded timeout of 5000 ms for a test.\nAdd a timeout value to this test to increase the timeout, if this is a long-running test. See https://jestjs.io/docs/api#testname-fn-timeout.\"\n    at C:\\Users\\D\\Documents\\Projekt inlämning\\K3 Project i team APP\\js\\settingsView.test.js:287:5\n    at _dispatchDescribe (C:\\Users\\D\\Documents\\Projekt inlämning\\K3 Project i team APP\\node_modules\\jest-circus\\build\\jestAdapterInit.js:604:26)\n    at describe (C:\\Users\\D\\Documents\\Projekt inlämning\\K3 Project i team APP\\node_modules\\jest-circus\\build\\jestAdapterInit.js:572:44)\n    at C:\\Users\\D\\Documents\\Projekt inlämning\\K3 Project i team APP\\js\\settingsView.test.js:13:1\n    at SourceTextModule.evaluate (node:internal/vm/module:233:26)\n    at Runtime.linkAndEvaluateModule (C:\\Users\\D\\Documents\\Projekt inlämning\\K3 Project i team APP\\node_modules\\jest-runtime\\build\\index.js:686:20)\n    at processTicksAndRejections (node:internal/process/task_queues:103:5)\n    at jestAdapter (C:\\Users\\D\\Documents\\Projekt inlämning\\K3 Project i team APP\\node_modules\\jest-circus\\build\\runner.js:93:5)\n    at runTestInternal (C:\\Users\\D\\Documents\\Projekt inlämning\\K3 Project i team APP\\node_modules\\jest-runner\\build\\testWorker.js:275:16)\n    at runTest (C:\\Users\\D\\Documents\\Projekt inlämning\\K3 Project i team APP\\node_modules\\jest-runner\\build\\testWorker.js:343:7)\n    at Object.worker (C:\\Users\\D\\Documents\\Projekt inlämning\\K3 Project i team APP\\node_modules\\jest-runner\\build\\testWorker.js:497:12)"],"fullName":"settingsView Imports backup properly","invocations":1,"location":null,"numPassingAsserts":0,"retryReasons":[],"startAt":1772447662957,"status":"failed","title":"Imports backup properly"},{"ancestorTitles":["settingsView"],"duration":5016,"failing":false,"failureDetails":[{"message":"thrown: \"Exceeded timeout of 5000 ms for a test.\nAdd a timeout value to this test to increase the timeout, if this is a long-running test. See https://jestjs.io/docs/api#testname-fn-timeout.\""}],"failureMessages":["Error: thrown: \"Exceeded timeout of 5000 ms for a test.\nAdd a timeout value to this test to increase the timeout, if this is a long-running test. See https://jestjs.io/docs/api#testname-fn-timeout.\"\n    at C:\\Users\\D\\Documents\\Projekt inlämning\\K3 Project i team APP\\js\\settingsView.test.js:306:5\n    at _dispatchDescribe (C:\\Users\\D\\Documents\\Projekt inlämning\\K3 Project i team APP\\node_modules\\jest-circus\\build\\jestAdapterInit.js:604:26)\n    at describe (C:\\Users\\D\\Documents\\Projekt inlämning\\K3 Project i team APP\\node_modules\\jest-circus\\build\\jestAdapterInit.js:572:44)\n    at C:\\Users\\D\\Documents\\Projekt inlämning\\K3 Project i team APP\\js\\settingsView.test.js:13:1\n    at SourceTextModule.evaluate (node:internal/vm/module:233:26)\n    at Runtime.linkAndEvaluateModule (C:\\Users\\D\\Documents\\Projekt inlämning\\K3 Project i team APP\\node_modules\\jest-runtime\\build\\index.js:686:20)\n    at processTicksAndRejections (node:internal/process/task_queues:103:5)\n    at jestAdapter (C:\\Users\\D\\Documents\\Projekt inlämning\\K3 Project i team APP\\node_modules\\jest-circus\\build\\runner.js:93:5)\n    at runTestInternal (C:\\Users\\D\\Documents\\Projekt inlämning\\K3 Project i team APP\\node_modules\\jest-runner\\build\\testWorker.js:275:16)\n    at runTest (C:\\Users\\D\\Documents\\Projekt inlämning\\K3 Project i team APP\\node_modules\\jest-runner\\build\\testWorker.js:343:7)\n    at Object.worker (C:\\Users\\D\\Documents\\Projekt inlämning\\K3 Project i team APP\\node_modules\\jest-runner\\build\\testWorker.js:497:12)"],"fullName":"settingsView Deletes all data","invocations":1,"location":null,"numPassingAsserts":0,"retryReasons":[],"startAt":1772447667969,"status":"failed","title":"Deletes all data"},{"ancestorTitles":["settingsView"],"duration":5009,"failing":false,"failureDetails":[{"message":"thrown: \"Exceeded timeout of 5000 ms for a test.\nAdd a timeout value to this test to increase the timeout, if this is a long-running test. See https://jestjs.io/docs/api#testname-fn-timeout.\""}],"failureMessages":["Error: thrown: \"Exceeded timeout of 5000 ms for a test.\nAdd a timeout value to this test to increase the timeout, if this is a long-running test. See https://jestjs.io/docs/api#testname-fn-timeout.\"\n    at C:\\Users\\D\\Documents\\Projekt inlämning\\K3 Project i team APP\\js\\settingsView.test.js:326:5\n    at _dispatchDescribe (C:\\Users\\D\\Documents\\Projekt inlämning\\K3 Project i team APP\\node_modules\\jest-circus\\build\\jestAdapterInit.js:604:26)\n    at describe (C:\\Users\\D\\Documents\\Projekt inlämning\\K3 Project i team APP\\node_modules\\jest-circus\\build\\jestAdapterInit.js:572:44)\n    at C:\\Users\\D\\Documents\\Projekt inlämning\\K3 Project i team APP\\js\\settingsView.test.js:13:1\n    at SourceTextModule.evaluate (node:internal/vm/module:233:26)\n    at Runtime.linkAndEvaluateModule (C:\\Users\\D\\Documents\\Projekt inlämning\\K3 Project i team APP\\node_modules\\jest-runtime\\build\\index.js:686:20)\n    at processTicksAndRejections (node:internal/process/task_queues:103:5)\n    at jestAdapter (C:\\Users\\D\\Documents\\Projekt inlämning\\K3 Project i team APP\\node_modules\\jest-circus\\build\\runner.js:93:5)\n    at runTestInternal (C:\\Users\\D\\Documents\\Projekt inlämning\\K3 Project i team APP\\node_modules\\jest-runner\\build\\testWorker.js:275:16)\n    at runTest (C:\\Users\\D\\Documents\\Projekt inlämning\\K3 Project i team APP\\node_modules\\jest-runner\\build\\testWorker.js:343:7)\n    at Object.worker (C:\\Users\\D\\Documents\\Projekt inlämning\\K3 Project i team APP\\node_modules\\jest-runner\\build\\testWorker.js:497:12)"],"fullName":"settingsView Requests notification permission","invocations":1,"location":null,"numPassingAsserts":0,"retryReasons":[],"startAt":1772447672985,"status":"failed","title":"Requests notification permission"},{"ancestorTitles":["settingsView"],"duration":5009,"failing":false,"failureDetails":[{"message":"thrown: \"Exceeded timeout of 5000 ms for a test.\nAdd a timeout value to this test to increase the timeout, if this is a long-running test. See https://jestjs.io/docs/api#testname-fn-timeout.\""}],"failureMessages":["Error: thrown: \"Exceeded timeout of 5000 ms for a test.\nAdd a timeout value to this test to increase the timeout, if this is a long-running test. See https://jestjs.io/docs/api#testname-fn-timeout.\"\n    at C:\\Users\\D\\Documents\\Projekt inlämning\\K3 Project i team APP\\js\\settingsView.test.js:349:5\n    at _dispatchDescribe (C:\\Users\\D\\Documents\\Projekt inlämning\\K3 Project i team APP\\node_modules\\jest-circus\\build\\jestAdapterInit.js:604:26)\n    at describe (C:\\Users\\D\\Documents\\Projekt inlämning\\K3 Project i team APP\\node_modules\\jest-circus\\build\\jestAdapterInit.js:572:44)\n    at C:\\Users\\D\\Documents\\Projekt inlämning\\K3 Project i team APP\\js\\settingsView.test.js:13:1\n    at SourceTextModule.evaluate (node:internal/vm/module:233:26)\n    at Runtime.linkAndEvaluateModule (C:\\Users\\D\\Documents\\Projekt inlämning\\K3 Project i team APP\\node_modules\\jest-runtime\\build\\index.js:686:20)\n    at processTicksAndRejections (node:internal/process/task_queues:103:5)\n    at jestAdapter (C:\\Users\\D\\Documents\\Projekt inlämning\\K3 Project i team APP\\node_modules\\jest-circus\\build\\runner.js:93:5)\n    at runTestInternal (C:\\Users\\D\\Documents\\Projekt inlämning\\K3 Project i team APP\\node_modules\\jest-runner\\build\\testWorker.js:275:16)\n    at runTest (C:\\Users\\D\\Documents\\Projekt inlämning\\K3 Project i team APP\\node_modules\\jest-runner\\build\\testWorker.js:343:7)\n    at Object.worker (C:\\Users\\D\\Documents\\Projekt inlämning\\K3 Project i team APP\\node_modules\\jest-runner\\build\\testWorker.js:497:12)"],"fullName":"settingsView Sends test notification via fallback if no SW","invocations":1,"location":null,"numPassingAsserts":0,"retryReasons":[],"startAt":1772447677994,"status":"failed","title":"Sends test notification via fallback if no SW"}],"endTime":1772447683048,"message":"\u001b[1m\u001b[31m  \u001b[1m● \u001b[22m\u001b[1msettingsView › Cancels import if user declines confirm\u001b[39m\u001b[22m\n\n    thrown: \"Exceeded timeout of 5000 ms for a test.\n    Add a timeout value to this test to increase the timeout, if this is a long-running test. See https://jestjs.io/docs/api#testname-fn-timeout.\"\n\u001b[2m\u001b[22m\n\u001b[2m    \u001b[0m \u001b[90m 109 |\u001b[39m     })\u001b[33m;\u001b[39m\u001b[22m\n\u001b[2m     \u001b[90m 110 |\u001b[39m\u001b[22m\n\u001b[2m    \u001b[31m\u001b[1m>\u001b[22m\u001b[2m\u001b[39m\u001b[90m 111 |\u001b[39m     test(\u001b[32m\"Cancels import if user declines confirm\"\u001b[39m\u001b[33m,\u001b[39m \u001b[36masync\u001b[39m () \u001b[33m=>\u001b[39m \u001b[22m\n\u001b[2m     \u001b[90m     |\u001b[39m     \u001b[31m\u001b[1m^\u001b[22m\u001b[2m\u001b[39m\u001b[22m\n\u001b[2m     \u001b[90m 112 |\u001b[39m     {\u001b[22m\n\u001b[2m     \u001b[90m 113 |\u001b[39m         renderSettings(container\u001b[33m,\u001b[39m rerenderCallback\u001b[33m,\u001b[39m mockTaskService)\u001b[33m;\u001b[39m\u001b[22m\n\u001b[2m     \u001b[90m 114 |\u001b[39m         window\u001b[33m.\u001b[39mconfirm \u001b[33m=\u001b[39m jest\u001b[33m.\u001b[39mfn()\u001b[33m.\u001b[39mmockReturnValue(\u001b[36mfalse\u001b[39m)\u001b[33m;\u001b[39m\u001b[0m\u001b[22m\n\u001b[2m\u001b[22m\n\u001b[2m      \u001b[2mat \u001b[22m\u001b[2m\u001b[0m\u001b[36mjs/settingsView.test.js\u001b[39m\u001b[0m\u001b[2m:111:5\u001b[22m\u001b[2m\u001b[22m\n\u001b[2m      \u001b[2mat \u001b[22m\u001b[2m\u001b[0m\u001b[36mjs/settingsView.test.js\u001b[39m\u001b[0m\u001b[2m:13:1\u001b[22m\u001b[2m\u001b[22m\n\n\u001b[1m\u001b[31m  \u001b[1m● \u001b[22m\u001b[1msettingsView › Show toast if permission granted\u001b[39m\u001b[22m\n\n    thrown: \"Exceeded timeout of 5000 ms for a test.\n    Add a timeout value to this test to increase the timeout, if this is a long-running test. See https://jestjs.io/docs/api#testname-fn-timeout.\"\n\u001b[2m\u001b[22m\n\u001b[2m    \u001b[0m \u001b[90m 122 |\u001b[39m     })\u001b[33m;\u001b[39m\u001b[22m\n\u001b[2m     \u001b[90m 123 |\u001b[39m\u001b[22m\n\u001b[2m    \u001b[31m\u001b[1m>\u001b[22m\u001b[2m\u001b[39m\u001b[90m 124 |\u001b[39m     test(\u001b[32m\"Show toast if permission granted\"\u001b[39m\u001b[33m,\u001b[39m \u001b[36masync\u001b[39m () \u001b[33m=>\u001b[39m \u001b[22m\n\u001b[2m     \u001b[90m     |\u001b[39m     \u001b[31m\u001b[1m^\u001b[22m\u001b[2m\u001b[39m\u001b[22m\n\u001b[2m     \u001b[90m 125 |\u001b[39m     {\u001b[22m\n\u001b[2m     \u001b[90m 126 |\u001b[39m         renderSettings(container\u001b[33m,\u001b[39m rerenderCallback\u001b[33m,\u001b[39m mockTaskService)\u001b[33m;\u001b[39m\u001b[22m\n\u001b[2m     \u001b[90m 127 |\u001b[39m         \u001b[36mconst\u001b[39m buttons \u001b[33m=\u001b[39m \u001b[33mArray\u001b[39m\u001b[33m.\u001b[39m\u001b[36mfrom\u001b[39m(container\u001b[33m.\u001b[39mquerySelectorAll(\u001b[32m\".btn-load-demo\"\u001b[39m))\u001b[33m;\u001b[39m\u001b[0m\u001b[22m\n\u001b[2m\u001b[22m\n\u001b[2m      \u001b[2mat \u001b[22m\u001b[2m\u001b[0m\u001b[36mjs/settingsView.test.js\u001b[39m\u001b[0m\u001b[2m:124:5\u001b[22m\u001b[2m\u001b[22m\n\u001b[2m      \u001b[2mat \u001b[22m\u001b[2m\u001b[0m\u001b[36mjs/settingsView.test.js\u001b[39m\u001b[0m\u001b[2m:13:1\u001b[22m\u001b[2m\u001b[22m\n\n\u001b[1m\u001b[31m  \u001b[1m● \u001b[22m\u001b[1msettingsView › Exports backup properly\u001b[39m\u001b[22m\n\n    thrown: \"Exceeded timeout of 5000 ms for a test.\n    Add a timeout value to this test to increase the timeout, if this is a long-running test. See https://jestjs.io/docs/api#testname-fn-timeout.\"\n\u001b[2m\u001b[22m\n\u001b[2m    \u001b[0m \u001b[90m 267 |\u001b[39m     })\u001b[33m;\u001b[39m\u001b[22m\n\u001b[2m     \u001b[90m 268 |\u001b[39m\u001b[22m\n\u001b[2m    \u001b[31m\u001b[1m>\u001b[22m\u001b[2m\u001b[39m\u001b[90m 269 |\u001b[39m     test(\u001b[32m\"Exports backup properly\"\u001b[39m\u001b[33m,\u001b[39m \u001b[36masync\u001b[39m () \u001b[33m=>\u001b[39m {\u001b[22m\n\u001b[2m     \u001b[90m     |\u001b[39m     \u001b[31m\u001b[1m^\u001b[22m\u001b[2m\u001b[39m\u001b[22m\n\u001b[2m     \u001b[90m 270 |\u001b[39m         renderSettings(container\u001b[33m,\u001b[39m rerenderCallback\u001b[33m,\u001b[39m mockTaskService)\u001b[33m;\u001b[39m\u001b[22m\n\u001b[2m     \u001b[90m 271 |\u001b[39m\u001b[22m\n\u001b[2m     \u001b[90m 272 |\u001b[39m         getAllContacts\u001b[33m.\u001b[39mmockResolvedValue([{ id\u001b[33m:\u001b[39m \u001b[35m1\u001b[39m\u001b[33m,\u001b[39m name\u001b[33m:\u001b[39m \u001b[32m\"Test Contact\"\u001b[39m }])\u001b[33m;\u001b[39m\u001b[0m\u001b[22m\n\u001b[2m\u001b[22m\n\u001b[2m      \u001b[2mat \u001b[22m\u001b[2m\u001b[0m\u001b[36mjs/settingsView.test.js\u001b[39m\u001b[0m\u001b[2m:269:5\u001b[22m\u001b[2m\u001b[22m\n\u001b[2m      \u001b[2mat \u001b[22m\u001b[2m\u001b[0m\u001b[36mjs/settingsView.test.js\u001b[39m\u001b[0m\u001b[2m:13:1\u001b[22m\u001b[2m\u001b[22m\n\n\u001b[1m\u001b[31m  \u001b[1m● \u001b[22m\u001b[1msettingsView › Imports backup properly\u001b[39m\u001b[22m\n\n    thrown: \"Exceeded timeout of 5000 ms for a test.\n    Add a timeout value to this test to increase the timeout, if this is a long-running test. See https://jestjs.io/docs/api#testname-fn-timeout.\"\n\u001b[2m\u001b[22m\n\u001b[2m    \u001b[0m \u001b[90m 285 |\u001b[39m     })\u001b[33m;\u001b[39m\u001b[22m\n\u001b[2m     \u001b[90m 286 |\u001b[39m\u001b[22m\n\u001b[2m    \u001b[31m\u001b[1m>\u001b[22m\u001b[2m\u001b[39m\u001b[90m 287 |\u001b[39m     test(\u001b[32m\"Imports backup properly\"\u001b[39m\u001b[33m,\u001b[39m \u001b[36masync\u001b[39m () \u001b[33m=>\u001b[39m {\u001b[22m\n\u001b[2m     \u001b[90m     |\u001b[39m     \u001b[31m\u001b[1m^\u001b[22m\u001b[2m\u001b[39m\u001b[22m\n\u001b[2m     \u001b[90m 288 |\u001b[39m         renderSettings(container\u001b[33m,\u001b[39m rerenderCallback\u001b[33m,\u001b[39m mockTaskService)\u001b[33m;\u001b[39m\u001b[22m\n\u001b[2m     \u001b[90m 289 |\u001b[39m\u001b[22m\n\u001b[2m     \u001b[90m 290 |\u001b[39m         \u001b[36mconst\u001b[39m input \u001b[33m=\u001b[39m container\u001b[33m.\u001b[39mquerySelector(\u001b[32m\"input[type='file']\"\u001b[39m)\u001b[33m;\u001b[39m\u001b[0m\u001b[22m\n\u001b[2m\u001b[22m\n\u001b[2m      \u001b[2mat \u001b[22m\u001b[2m\u001b[0m\u001b[36mjs/settingsView.test.js\u001b[39m\u001b[0m\u001b[2m:287:5\u001b[22m\u001b[2m\u001b[22m\n\u001b[2m      \u001b[2mat \u001b[22m\u001b[2m\u001b[0m\u001b[36mjs/settingsView.test.js\u001b[39m\u001b[0m\u001b[2m:13:1\u001b[22m\u001b[2m\u001b[22m\n\n\u001b[1m\u001b[31m  \u001b[1m● \u001b[22m\u001b[1msettingsView › Deletes all data\u001b[39m\u001b[22m\n\n    thrown: \"Exceeded timeout of 5000 ms for a test.\n    Add a timeout value to this test to increase the timeout, if this is a long-running test. See https://jestjs.io/docs/api#testname-fn-timeout.\"\n\u001b[2m\u001b[22m\n\u001b[2m    \u001b[0m \u001b[90m 304 |\u001b[39m     })\u001b[33m;\u001b[39m\u001b[22m\n\u001b[2m     \u001b[90m 305 |\u001b[39m\u001b[22m\n\u001b[2m    \u001b[31m\u001b[1m>\u001b[22m\u001b[2m\u001b[39m\u001b[90m 306 |\u001b[39m     test(\u001b[32m\"Deletes all data\"\u001b[39m\u001b[33m,\u001b[39m \u001b[36masync\u001b[39m () \u001b[33m=>\u001b[39m {\u001b[22m\n\u001b[2m     \u001b[90m     |\u001b[39m     \u001b[31m\u001b[1m^\u001b[22m\u001b[2m\u001b[39m\u001b[22m\n\u001b[2m     \u001b[90m 307 |\u001b[39m         renderSettings(container\u001b[33m,\u001b[39m rerenderCallback\u001b[33m,\u001b[39m mockTaskService)\u001b[33m;\u001b[39m\u001b[22m\n\u001b[2m     \u001b[90m 308 |\u001b[39m\u001b[22m\n\u001b[2m     \u001b[90m 309 |\u001b[39m         \u001b[36mconst\u001b[39m clearBtn \u001b[33m=\u001b[39m container\u001b[33m.\u001b[39mquerySelector(\u001b[32m\".btn-clear-all\"\u001b[39m)\u001b[33m;\u001b[39m\u001b[0m\u001b[22m\n\u001b[2m\u001b[22m\n\u001b[2m      \u001b[2mat \u001b[22m\u001b[2m\u001b[0m\u001b[36mjs/settingsView.test.js\u001b[39m\u001b[0m\u001b[2m:306:5\u001b[22m\u001b[2m\u001b[22m\n\u001b[2m      \u001b[2mat \u001b[22m\u001b[2m\u001b[0m\u001b[36mjs/settingsView.test.js\u001b[39m\u001b[0m\u001b[2m:13:1\u001b[22m\u001b[2m\u001b[22m\n\n\u001b[1m\u001b[31m  \u001b[1m● \u001b[22m\u001b[1msettingsView › Requests notification permission\u001b[39m\u001b[22m\n\n    thrown: \"Exceeded timeout of 5000 ms for a test.\n    Add a timeout value to this test to increase the timeout, if this is a long-running test. See https://jestjs.io/docs/api#testname-fn-timeout.\"\n\u001b[2m\u001b[22m\n\u001b[2m    \u001b[0m \u001b[90m 324 |\u001b[39m     })\u001b[33m;\u001b[39m\u001b[22m\n\u001b[2m     \u001b[90m 325 |\u001b[39m\u001b[22m\n\u001b[2m    \u001b[31m\u001b[1m>\u001b[22m\u001b[2m\u001b[39m\u001b[90m 326 |\u001b[39m     test(\u001b[32m\"Requests notification permission\"\u001b[39m\u001b[33m,\u001b[39m \u001b[36masync\u001b[39m () \u001b[33m=>\u001b[39m {\u001b[22m\n\u001b[2m     \u001b[90m     |\u001b[39m     \u001b[31m\u001b[1m^\u001b[22m\u001b[2m\u001b[39m\u001b[22m\n\u001b[2m     \u001b[90m 327 |\u001b[39m         renderSettings(container\u001b[33m,\u001b[39m rerenderCallback\u001b[33m,\u001b[39m mockTaskService)\u001b[33m;\u001b[39m\u001b[22m\n\u001b[2m     \u001b[90m 328 |\u001b[39m\u001b[22m\n\u001b[2m     \u001b[90m 329 |\u001b[39m         \u001b[36mconst\u001b[39m buttons \u001b[33m=\u001b[39m \u001b[33mArray\u001b[39m\u001b[33m.\u001b[39m\u001b[36mfrom\u001b[39m(container\u001b[33m.\u001b[39mquerySelectorAll(\u001b[32m\".btn-load-demo\"\u001b[39m))\u001b[33m;\u001b[39m\u001b[0m\u001b[22m\n\u001b[2m\u001b[22m\n\u001b[2m      \u001b[2mat \u001b[22m\u001b[2m\u001b[0m\u001b[36mjs/settingsView.test.js\u001b[39m\u001b[0m\u001b[2m:326:5\u001b[22m\u001b[2m\u001b[22m\n\u001b[2m      \u001b[2mat \u001b[22m\u001b[2m\u001b[0m\u001b[36mjs/settingsView.test.js\u001b[39m\u001b[0m\u001b[2m:13:1\u001b[22m\u001b[2m\u001b[22m\n\n\u001b[1m\u001b[31m  \u001b[1m● \u001b[22m\u001b[1msettingsView › Sends test notification via fallback if no SW\u001b[39m\u001b[22m\n\n    thrown: \"Exceeded timeout of 5000 ms for a test.\n    Add a timeout value to this test to increase the timeout, if this is a long-running test. See https://jestjs.io/docs/api#testname-fn-timeout.\"\n\u001b[2m\u001b[22m\n\u001b[2m    \u001b[0m \u001b[90m 347 |\u001b[39m     })\u001b[33m;\u001b[39m\u001b[22m\n\u001b[2m     \u001b[90m 348 |\u001b[39m\u001b[22m\n\u001b[2m    \u001b[31m\u001b[1m>\u001b[22m\u001b[2m\u001b[39m\u001b[90m 349 |\u001b[39m     test(\u001b[32m\"Sends test notification via fallback if no SW\"\u001b[39m\u001b[33m,\u001b[39m \u001b[36masync\u001b[39m () \u001b[33m=>\u001b[39m {\u001b[22m\n\u001b[2m     \u001b[90m     |\u001b[39m     \u001b[31m\u001b[1m^\u001b[22m\u001b[2m\u001b[39m\u001b[22m\n\u001b[2m     \u001b[90m 350 |\u001b[39m         \u001b[36mconst\u001b[39m consoleSpy \u001b[33m=\u001b[39m jest\u001b[33m.\u001b[39mspyOn(console\u001b[33m,\u001b[39m \u001b[32m'error'\u001b[39m)\u001b[33m.\u001b[39mmockImplementation(() \u001b[33m=>\u001b[39m { })\u001b[33m;\u001b[39m\u001b[22m\n\u001b[2m     \u001b[90m 351 |\u001b[39m         renderSettings(container\u001b[33m,\u001b[39m rerenderCallback\u001b[33m,\u001b[39m mockTaskService)\u001b[33m;\u001b[39m\u001b[22m\n\u001b[2m     \u001b[90m 352 |\u001b[39m\u001b[0m\u001b[22m\n\u001b[2m\u001b[22m\n\u001b[2m      \u001b[2mat \u001b[22m\u001b[2m\u001b[0m\u001b[36mjs/settingsView.test.js\u001b[39m\u001b[0m\u001b[2m:349:5\u001b[22m\u001b[2m\u001b[22m\n\u001b[2m      \u001b[2mat \u001b[22m\u001b[2m\u001b[0m\u001b[36mjs/settingsView.test.js\u001b[39m\u001b[0m\u001b[2m:13:1\u001b[22m\u001b[2m\u001b[22m\n","name":"C:\\Users\\D\\Documents\\Projekt inlämning\\K3 Project i team APP\\js\\settingsView.test.js","startTime":1772447646570,"status":"failed","summary":""}],"wasInterrupted":false}
